============================= test session starts =============================
platform win32 -- Python 3.13.7, pytest-8.4.1, pluggy-1.6.0
cachedir: .pytest_cache_backend
benchmark: 5.1.0 (defaults: timer=time.perf_counter disable_gc=False min_rounds=5 min_time=0.000005 max_time=1.0 calibration_precision=10 warmup=False warmup_iterations=100000)
rootdir: C:\Users\benxp\OneDrive\Desktop\CRUCIB AI RELEASE 2026\RELEASE-CRUCIB-2026\backend
configfile: pytest.ini
plugins: anyio-4.12.1, locust-2.41.3, asyncio-0.24.0, base-url-2.1.0, benchmark-5.1.0, cov-6.0.0, html-4.1.1, metadata-3.1.1, playwright-0.7.1, sugar-1.1.1, xdist-3.8.0
asyncio: mode=Mode.AUTO, default_loop_scope=function
collected 913 items

backend\tests\test_security.py ...                                       [  0%]
backend\tests\test_runtime_product_endpoints.py ....                     [  0%]
backend\tests\test_debug_endpoints_authz.py ......                       [  1%]
backend\tests\test_10_10_upgrade.py .........................            [  4%]
backend\tests\test_admin.py .......                                      [  4%]
backend\tests\test_agent_tool_loop.py ......                             [  5%]
backend\tests\test_ai_chat_fallback_detail.py ..                         [  5%]
backend\tests\test_api_contract.py ...........                           [  7%]
backend\tests\test_api_full_coverage.py ....................             [  9%]
backend\tests\test_architecture_guardrails.py ................           [ 10%]
backend\tests\test_audit_imports.py ........                             [ 11%]
backend\tests\test_auth.py ..........                                    [ 12%]
backend\tests\test_authority_and_retrieval_evaluation.py .......         [ 13%]
backend\tests\test_auto_runner_final_preview_gate.py ...                 [ 14%]
backend\tests\test_automation.py .                                       [ 14%]
backend\tests\test_automation_run_agent_safety.py ...                    [ 14%]
backend\tests\test_bash_classifier.py ......                             [ 15%]
backend\tests\test_biv_new_gates.py .............                        [ 16%]
backend\tests\test_braintree_billing_system.py ....                      [ 16%]
backend\tests\test_build_competitor_comparison.py ..                     [ 17%]
backend\tests\test_build_contract_system.py ................             [ 18%]
backend\tests\test_build_integrity_validator.py ..............           [ 20%]
backend\tests\test_capability_foundation_contracts.py ....               [ 20%]
backend\tests\test_code_generation_standard.py ...                       [ 21%]
backend\tests\test_comprehensive_47_checks.py .......................... [ 24%]
.....................                                                    [ 26%]
backend\tests\test_context_digest.py ...                                 [ 26%]
backend\tests\test_contract_enforcement.py ...............               [ 28%]
backend\tests\test_control_plane_transcript.py .                         [ 28%]
backend\tests\test_cors_policy.py ..                                     [ 28%]
backend\tests\test_cost_governance.py ....                               [ 29%]
backend\tests\test_cost_tracker.py ........                              [ 30%]
backend\tests\test_crucibai_api.py ..............................        [ 33%]
backend\tests\test_data_integrity.py ...                                 [ 33%]
backend\tests\test_delivery_gate_export.py ...                           [ 33%]
backend\tests\test_doctor_endpoints.py .                                 [ 34%]
backend\tests\test_dynamic_skill_agent.py .                              [ 34%]
backend\tests\test_edge_cases.py ........                                [ 35%]
backend\tests\test_endpoint_mapping.py .....                             [ 35%]
backend\tests\test_enterprise_readiness.py ...                           [ 35%]
backend\tests\test_file_language_sanity.py .....                         [ 36%]
backend\tests\test_final_gap_closure.py ................................ [ 39%]
.......                                                                  [ 40%]
backend\tests\test_full_fusion_integration.py ...                        [ 41%]
backend\tests\test_fused_execution_path.py ..                            [ 41%]
backend\tests\test_gaps.py ...                                           [ 41%]
backend\tests\test_golden_path.py sssss                                  [ 42%]
backend\tests\test_golden_path_local.py .s...s.                          [ 42%]
backend\tests\test_hook_bus.py ...........                               [ 44%]
backend\tests\test_idempotency_header_golden.py ...                      [ 44%]
backend\tests\test_implementation_phases_proof.py ........               [ 45%]
backend\tests\test_import_doctor.py ..                                   [ 45%]
backend\tests\test_integration.py ............                           [ 46%]
backend\tests\test_intent_contract_website.py .......                    [ 47%]
backend\tests\test_jobs_auto_start.py ...                                [ 47%]
backend\tests\test_lineage_banner.py ...                                 [ 48%]
backend\tests\test_llm_router_policy.py ....                             [ 48%]
backend\tests\test_load.py ...                                           [ 49%]
backend\tests\test_manus_parity_saas_ui.py .....                         [ 49%]
backend\tests\test_memory_consolidator.py ......                         [ 50%]
backend\tests\test_memory_graph.py ......                                [ 50%]
backend\tests\test_mobile_build.py ....                                  [ 51%]
backend\tests\test_multi_language_stack.py ............s...........      [ 53%]
backend\tests\test_orchestration_ui_contract.py ....                     [ 54%]
backend\tests\test_package_json_preflight.py ...                         [ 54%]
backend\tests\test_pass1_integration_audit.py .                          [ 54%]
backend\tests\test_pass2_e2e_simulation.py .                             [ 54%]
backend\tests\test_perf_budget.py ...                                    [ 55%]
backend\tests\test_permission_enforcement.py .......                     [ 56%]
backend\tests\test_permission_engine_v2.py ...............               [ 57%]
backend\tests\test_persistent_event_sink.py ....                         [ 58%]
backend\tests\test_phase1_capability_build.py .......................... [ 61%]
....................................                                     [ 64%]
backend\tests\test_phase1b_corrective_action.py ..........               [ 66%]
backend\tests\test_phase2_runtime_wiring.py ...........                  [ 67%]
backend\tests\test_phase2_security.py ...                                [ 67%]
backend\tests\test_phase2_wave2.py ..............................        [ 70%]
backend\tests\test_phase3_phase4_unification.py ....                     [ 71%]
backend\tests\test_phase5_skill_loop_contract.py ...                     [ 71%]
backend\tests\test_phase8_checkpoint_routes.py .....                     [ 72%]
backend\tests\test_pipeline_crash_fix.py .                               [ 72%]
backend\tests\test_platform_1010_readiness.py ...                        [ 72%]
backend\tests\test_policy_skill_tool_integration.py .                    [ 72%]
backend\tests\test_pricing_alignment.py ......................           [ 75%]
backend\tests\test_pricing_braintree.py ..                               [ 75%]
backend\tests\test_product_dominance_scorecard.py .....                  [ 75%]
backend\tests\test_product_layer_upgrade.py ...............              [ 77%]
backend\tests\test_projects_capabilities_endpoint.py .                   [ 77%]
backend\tests\test_proof_manifest.py .......                             [ 78%]
backend\tests\test_proof_truth.py ...                                    [ 78%]
backend\tests\test_proof_truth_surface_scope.py .                        [ 78%]
backend\tests\test_provider_fallback_paths.py .....                      [ 79%]
backend\tests\test_provider_readiness.py .                               [ 79%]
backend\tests\test_public_proof_readiness.py ..                          [ 79%]
backend\tests\test_publish_preview_fix.py ........                       [ 80%]
backend\tests\test_react_loop.py ..                                      [ 80%]
backend\tests\test_real_integration.py .........                         [ 81%]
backend\tests\test_repair_loop.py ......                                 [ 82%]
backend\tests\test_repeatability_benchmark.py ..                         [ 82%]
backend\tests\test_route_loading.py ..                                   [ 82%]
backend\tests\test_rule_linter.py ...                                    [ 83%]
backend\tests\test_run_task_loop.py ......                               [ 83%]
backend\tests\test_runtime_contract_and_autofix.py ....                  [ 84%]
backend\tests\test_runtime_eventing.py ..                                [ 84%]
backend\tests\test_runtime_execution_loop.py ..                          [ 84%]
backend\tests\test_runtime_routes.py ...                                 [ 85%]
backend\tests\test_runtime_single_brain_guards.py ..                     [ 85%]
backend\tests\test_runtime_state_adapter.py ....                         [ 85%]
backend\tests\test_sandbox_executor_limits.py ....                       [ 86%]
backend\tests\test_self_repair_safe_write_delegate.py ..                 [ 86%]
backend\tests\test_session_journal.py ..                                 [ 86%]
backend\tests\test_simulation_orchestrator.py ..                         [ 86%]
backend\tests\test_simulation_reality_engine.py .........                [ 87%]
backend\tests\test_single_brain_backend_audit.py ..                      [ 88%]
backend\tests\test_single_source_of_truth.py ..............              [ 89%]
backend\tests\test_skill_enforcement.py ..........                       [ 90%]
backend\tests\test_smoke.py ..                                           [ 90%]
backend\tests\test_spawn_simulation.py ...                               [ 91%]
backend\tests\test_ssrf_prevention.py .....                              [ 91%]
backend\tests\test_subagent_orchestrator.py ..                           [ 92%]
backend\tests\test_swarm_runtime_fix.py .                                [ 92%]
backend\tests\test_system_acceptance_invariants.py ...                   [ 92%]
backend\tests\test_tier2.py ......                                       [ 93%]
backend\tests\test_tool_contract_registry.py ......                      [ 93%]
backend\tests\test_tool_policy_skill_enforcement.py ..                   [ 93%]
backend\tests\test_user_journeys.py ..                                   [ 94%]
backend\tests\test_vector_memory_fallback.py ...                         [ 94%]
backend\tests\test_verifier_issue_files.py ..                            [ 94%]
backend\tests\test_virtual_fs.py ........                                [ 95%]
backend\tests\test_waves_verification.py .............                   [ 97%]
backend\tests\test_webhook_flows.py ...                                  [ 97%]
backend\tests\test_workspace_contracts.py ....                           [ 97%]
backend\tests\test_workspace_download.py ..                              [ 98%]
backend\tests\test_workspace_explorer.py .....                           [ 98%]
backend\tests\test_workspace_file_listing.py ....                        [ 99%]
backend\tests\test_workspace_resolver.py ..                              [ 99%]
backend\tests\test_workspace_session_resolve.py ......                   [ 99%]
backend\tests\test_worktrees_routes.py .                                 [100%]

================= 905 passed, 8 skipped in 538.18s (0:08:58) ==================
